Wybrano losowanie liczby
  Wybrano losowanie liczby
  Wylosowana liczba 85
  ZĹ‚a Opcja
  ZĹ‚a Opcja
  ZĹ‚a Opcja
  Wybrano losowanie litery
  Wylosowana litera to: O
  Wybrano losowanie litery
  Wylosowana litera to: U
  Wybrano losowanie litery
  Wylosowana litera to: T
  Wybrano losowanie litery
  Wylosowana litera to: F
  Wybrano losowanie litery
  Wylosowana litera to: S
  Wybrano losowanie litery
  Wylosowana litera to: S
  Wybrano losowanie litery
  Wylosowana litera to: E
  Wybrano losowanie litery
  Wylosowana litera to: Q
  